Input file: Example3.ss
   1: ;;; Example 3 - Scheme to C++ translation
   2: 
   3: (define (sum L)
   4: 	(if (null? L)
   5: 		0
   6: 		(+ (car L) (sum (cdr L)))
   7: 	)
   8: )
   9: 
  10: (define (count L)
  11: 	(if (null? L)
  12: 		0
  13: 		(+ 1 (count (cdr L)))
  14: 	)
  15: )
  16: 
  17: (define (average L)
  18: 	(let ((total (sum L)) (num (count L)))
  19: 		(if (= 0 num)
  20: 			"Average cannot be calculated"
  21: 			(/ total num)
  22: 		)
  23: 	)
  24: )
  25: 
  26: (define (main)
  27: 	(display "The average of '(1 5 6) is ")
  28: 	(display (average '(1 5 6)))
  29: 	(newline)
  30: 	(display "The average of '() is ")
  31: 	(display (average '()))
  32: 	(newline)
  33: 	(display "The average of '(5 -1 3 7 10) is ")
  34: 	(display (average '(5 -1 3 7 10)))
  35: 	(newline)
  36: )
  37: 
  38: (main)
0 errors found in input file
