Input file: Example2.ss
   1: ;;; Example 2 - Scheme to C++ translation
   2: 
   3: (define (sum L)
   4: 	(if (null? L)
   5: 		0
   6: 		(+ (car L) (sum (cdr L)))
   7: 	)
   8: )
   9: 
  10: (define (main)
  11: 	(display "The sum of '(1 5 6) is ")
  12: 	(display (sum '(1 5 6)))
  13: 	(newline)
  14: 	(display "The sum of '() is ")
  15: 	(display (sum '()))
  16: 	(newline)
  17: 	(display "The sum of '(5 -1 3 7 10) is ")
  18: 	(display (sum '(5 -1 3 7 10)))
  19: 	(newline)
  20: )
  21: 
  22: (main)
0 errors found in input file
